<?xml version="1.0" encoding="UTF-8"?>
<!-- Generated by org.testng.reporters.JUnitXMLReporter -->
<testsuite hostname="MUMSDALVI" ignored="0" name="QuickHire Test1" tests="1" failures="1" timestamp="07 Oct 2020 08:14:44 GMT" time="16.992" errors="0">
  <testcase name="FirstTest" time="4.328" classname="org.automation.testcases.TC3">
    <failure type="java.lang.NullPointerException">
      <![CDATA[java.lang.NullPointerException
	at org.automation.Reporting.ExtentReportsWithTestNG.endReport(ExtentReportsWithTestNG.java:54)
	at org.automation.testcases.TC3.FirstTest(TC3.java:20)
... Removed 25 stack frames]]>
    </failure>
  </testcase> <!-- FirstTest -->
</testsuite> <!-- QuickHire Test1 -->
