<?xml version="1.0" encoding="UTF-8"?>
<!-- Generated by org.testng.reporters.JUnitXMLReporter -->
<testsuite hostname="MUMSDALVI" ignored="14" name="QuickHire Test2" tests="9" failures="0" timestamp="10 Dec 2020 05:26:23 GMT" time="380.223" errors="0">
  <testcase name="templateCreation" time="40.259" classname="org.automation.testcases.TC_001_Validate_Question_Template_Creation"/>
  <testcase name="SelectAllButton" time="43.115" classname="org.automation.testcases.TC_003_Validate_Multiselect_button_functionality"/>
  <testcase name="validateColumns" time="5.293" classname="org.automation.testcases.TC_004_Validate_Columns_in_Listing_Screen"/>
  <testcase name="HideInactiveCheckbox" time="26.751" classname="org.automation.testcases.TC_005_Validate_Hide_Inactive_functionality"/>
  <testcase name="errorMessage" time="16.286" classname="org.automation.testcases.TC_006_Validate_Error_Messages_Question_Template"/>
  <testcase name="validateFields" time="10.098" classname="org.automation.testcases.TC_007_Validate_Fields_Application_Question_Tab"/>
  <testcase name="WindowHandleDemo" time="13.48" classname="org.automation.testcases.TC_008_Iframe_New_Window"/>
  <testcase name="validateFieldsDisplayed" time="4.988" classname="org.automation.testcases.TC_002_Validate_Template_Listing_Screen"/>
  <testcase name="verifyValidationOnNoRecords" time="5.156" classname="org.automation.testcases.TC_002_Validate_Template_Listing_Screen"/>
  <testcase name="@BeforeSuite setUp" time="0.0" classname="org.automation.base.BaseClass">
    <ignored/>
  </testcase> <!-- @BeforeSuite setUp -->
  <testcase name="@BeforeSuite setUp" time="0.0" classname="org.automation.base.BaseClass">
    <ignored/>
  </testcase> <!-- @BeforeSuite setUp -->
  <testcase name="@BeforeSuite setUp" time="0.0" classname="org.automation.base.BaseClass">
    <ignored/>
  </testcase> <!-- @BeforeSuite setUp -->
  <testcase name="@BeforeSuite setUp" time="0.0" classname="org.automation.base.BaseClass">
    <ignored/>
  </testcase> <!-- @BeforeSuite setUp -->
  <testcase name="@BeforeSuite setUp" time="0.0" classname="org.automation.base.BaseClass">
    <ignored/>
  </testcase> <!-- @BeforeSuite setUp -->
  <testcase name="@BeforeSuite setUp" time="0.0" classname="org.automation.base.BaseClass">
    <ignored/>
  </testcase> <!-- @BeforeSuite setUp -->
  <testcase name="@BeforeSuite setUp" time="0.0" classname="org.automation.base.BaseClass">
    <ignored/>
  </testcase> <!-- @BeforeSuite setUp -->
  <testcase name="@AfterSuite endReport" time="0.0" classname="org.automation.base.BaseClass">
    <ignored/>
  </testcase> <!-- @AfterSuite endReport -->
  <testcase name="@AfterSuite endReport" time="0.0" classname="org.automation.base.BaseClass">
    <ignored/>
  </testcase> <!-- @AfterSuite endReport -->
  <testcase name="@AfterSuite endReport" time="0.0" classname="org.automation.base.BaseClass">
    <ignored/>
  </testcase> <!-- @AfterSuite endReport -->
  <testcase name="@AfterSuite endReport" time="0.0" classname="org.automation.base.BaseClass">
    <ignored/>
  </testcase> <!-- @AfterSuite endReport -->
  <testcase name="@AfterSuite endReport" time="0.0" classname="org.automation.base.BaseClass">
    <ignored/>
  </testcase> <!-- @AfterSuite endReport -->
  <testcase name="@AfterSuite endReport" time="0.0" classname="org.automation.base.BaseClass">
    <ignored/>
  </testcase> <!-- @AfterSuite endReport -->
  <testcase name="@AfterSuite endReport" time="0.0" classname="org.automation.base.BaseClass">
    <ignored/>
  </testcase> <!-- @AfterSuite endReport -->
</testsuite> <!-- QuickHire Test2 -->
